Release 14.7 - xst P.20131013 (nt64)
Copyright (c) 1995-2013 Xilinx, Inc.  All rights reserved.
--> Parameter TMPDIR set to xst/projnav.tmp


Total REAL time to Xst completion: 0.00 secs
Total CPU time to Xst completion: 0.14 secs
 
--> Parameter xsthdpdir set to xst


Total REAL time to Xst completion: 0.00 secs
Total CPU time to Xst completion: 0.14 secs
 
--> Reading design: DataMemory.prj

TABLE OF CONTENTS
  1) Synthesis Options Summary
  2) HDL Compilation
  3) Design Hierarchy Analysis
  4) HDL Analysis
  5) HDL Synthesis
     5.1) HDL Synthesis Report
  6) Advanced HDL Synthesis
     6.1) Advanced HDL Synthesis Report
  7) Low Level Synthesis
  8) Partition Report
  9) Final Report
	9.1) Device utilization summary
	9.2) Partition Resource Summary
	9.3) TIMING REPORT


=========================================================================
*                      Synthesis Options Summary                        *
=========================================================================
---- Source Parameters
Input File Name                    : "DataMemory.prj"
Input Format                       : mixed
Ignore Synthesis Constraint File   : NO

---- Target Parameters
Output File Name                   : "DataMemory"
Output Format                      : NGC
Target Device                      : xc3s50an-4-tqg144

---- Source Options
Top Module Name                    : DataMemory
Automatic FSM Extraction           : YES
FSM Encoding Algorithm             : Auto
Safe Implementation                : No
FSM Style                          : LUT
RAM Extraction                     : Yes
RAM Style                          : Auto
ROM Extraction                     : Yes
Mux Style                          : Auto
Decoder Extraction                 : YES
Priority Encoder Extraction        : Yes
Shift Register Extraction          : YES
Logical Shifter Extraction         : YES
XOR Collapsing                     : YES
ROM Style                          : Auto
Mux Extraction                     : Yes
Resource Sharing                   : YES
Asynchronous To Synchronous        : NO
Multiplier Style                   : Auto
Automatic Register Balancing       : No

---- Target Options
Add IO Buffers                     : YES
Global Maximum Fanout              : 500
Add Generic Clock Buffer(BUFG)     : 24
Register Duplication               : YES
Slice Packing                      : YES
Optimize Instantiated Primitives   : NO
Use Clock Enable                   : Yes
Use Synchronous Set                : Yes
Use Synchronous Reset              : Yes
Pack IO Registers into IOBs        : Auto
Equivalent register Removal        : YES

---- General Options
Optimization Goal                  : Speed
Optimization Effort                : 1
Keep Hierarchy                     : No
Netlist Hierarchy                  : As_Optimized
RTL Output                         : Yes
Global Optimization                : AllClockNets
Read Cores                         : YES
Write Timing Constraints           : NO
Cross Clock Analysis               : NO
Hierarchy Separator                : /
Bus Delimiter                      : <>
Case Specifier                     : Maintain
Slice Utilization Ratio            : 100
BRAM Utilization Ratio             : 100
Verilog 2001                       : YES
Auto BRAM Packing                  : NO
Slice Utilization Ratio Delta      : 5

=========================================================================


=========================================================================
*                          HDL Compilation                              *
=========================================================================
Compiling verilog file "DataMemory.v" in library work
Module <DataMemory> compiled
No errors in compilation
Analysis of file <"DataMemory.prj"> succeeded.
 

=========================================================================
*                     Design Hierarchy Analysis                         *
=========================================================================
Analyzing hierarchy for module <DataMemory> in library <work>.


=========================================================================
*                            HDL Analysis                               *
=========================================================================
Analyzing top module <DataMemory>.
Module <DataMemory> is correct for synthesis.
 

=========================================================================
*                           HDL Synthesis                               *
=========================================================================

Performing bidirectional port resolution...

Synthesizing Unit <DataMemory>.
    Related source file is "DataMemory.v".
WARNING:Xst:647 - Input <memAddress<7:5>> is never used. This port will be preserved and left unconnected if it belongs to a top-level block or it belongs to a sub-block and the hierarchy of this sub-block is preserved.
    Found 8-bit register for signal <memReadData>.
    Found 256-bit register for signal <memory>.
INFO:Xst:738 - HDL ADVISOR - 256 flip-flops were inferred for signal <memory>. You may be trying to describe a RAM in a way that is incompatible with block and distributed RAM resources available on Xilinx devices, or with a specific template that is not supported. Please review the Xilinx resources documentation and the XST user manual for coding guidelines. Taking advantage of RAM resources will lead to improved device usage and reduced synthesis time.
    Summary:
	inferred 264 D-type flip-flop(s).
	inferred   8 Multiplexer(s).
Unit <DataMemory> synthesized.


=========================================================================
HDL Synthesis Report

Macro Statistics
# Registers                                            : 33
 8-bit register                                        : 33
# Multiplexers                                         : 1
 8-bit 32-to-1 multiplexer                             : 1

=========================================================================

=========================================================================
*                       Advanced HDL Synthesis                          *
=========================================================================


=========================================================================
Advanced HDL Synthesis Report

Macro Statistics
# Registers                                            : 264
 Flip-Flops                                            : 264
# Multiplexers                                         : 1
 8-bit 32-to-1 multiplexer                             : 1

=========================================================================

=========================================================================
*                         Low Level Synthesis                           *
=========================================================================

Optimizing unit <DataMemory> ...

Mapping all equations...
Building and optimizing final netlist ...
Found area constraint ratio of 100 (+ 5) on block DataMemory, actual ratio is 37.

Final Macro Processing ...

=========================================================================
Final Register Report

Macro Statistics
# Registers                                            : 264
 Flip-Flops                                            : 264

=========================================================================

=========================================================================
*                           Partition Report                            *
=========================================================================

Partition Implementation Status
-------------------------------

  No Partitions were found in this design.

-------------------------------

=========================================================================
*                            Final Report                               *
=========================================================================
Final Results
RTL Top Level Output File Name     : DataMemory.ngr
Top Level Output File Name         : DataMemory
Output Format                      : NGC
Optimization Goal                  : Speed
Keep Hierarchy                     : No

Design Statistics
# IOs                              : 28

Cell Usage :
# BELS                             : 572
#      LUT2                        : 4
#      LUT3                        : 416
#      LUT4                        : 32
#      MUXF5                       : 64
#      MUXF6                       : 32
#      MUXF7                       : 16
#      MUXF8                       : 8
# FlipFlops/Latches                : 264
#      FDE                         : 264
# Clock Buffers                    : 1
#      BUFGP                       : 1
# IO Buffers                       : 24
#      IBUF                        : 16
#      OBUF                        : 8
=========================================================================

Device utilization summary:
---------------------------

Selected Device : 3s50antqg144-4 

 Number of Slices:                      258  out of    704    36%  
 Number of Slice Flip Flops:            264  out of   1408    18%  
 Number of 4 input LUTs:                452  out of   1408    32%  
 Number of IOs:                          28
 Number of bonded IOBs:                  25  out of    108    23%  
 Number of GCLKs:                         1  out of     24     4%  

---------------------------
Partition Resource Summary:
---------------------------

  No Partitions were found in this design.

---------------------------


=========================================================================
TIMING REPORT

NOTE: THESE TIMING NUMBERS ARE ONLY A SYNTHESIS ESTIMATE.
      FOR ACCURATE TIMING INFORMATION PLEASE REFER TO THE TRACE REPORT
      GENERATED AFTER PLACE-and-ROUTE.

Clock Information:
------------------
-----------------------------------+------------------------+-------+
Clock Signal                       | Clock buffer(FF name)  | Load  |
-----------------------------------+------------------------+-------+
clk                                | BUFGP                  | 264   |
-----------------------------------+------------------------+-------+

Asynchronous Control Signals Information:
----------------------------------------
No asynchronous control signals found in this design

Timing Summary:
---------------
Speed Grade: -4

   Minimum period: 3.135ns (Maximum Frequency: 318.979MHz)
   Minimum input arrival time before clock: 6.902ns
   Maximum output required time after clock: 5.531ns
   Maximum combinational path delay: No path found

Timing Detail:
--------------
All values displayed in nanoseconds (ns)

=========================================================================
Timing constraint: Default period analysis for Clock 'clk'
  Clock period: 3.135ns (frequency: 318.979MHz)
  Total number of paths / destination ports: 256 / 8
-------------------------------------------------------------------------
Delay:               3.135ns (Levels of Logic = 5)
  Source:            memory_0_0 (FF)
  Destination:       memReadData_0 (FF)
  Source Clock:      clk rising
  Destination Clock: clk rising

  Data Path: memory_0_0 to memReadData_0
                                Gate     Net
    Cell:in->out      fanout   Delay   Delay  Logical Name (Net Name)
    ----------------------------------------  ------------
     FDE:C->Q              1   0.591   0.500  memory_0_0 (memory_0_0)
     LUT3:I1->O            1   0.643   0.000  Mmux__COND_1_10 (Mmux__COND_1_10)
     MUXF5:I0->O           1   0.276   0.000  Mmux__COND_1_8_f5 (Mmux__COND_1_8_f5)
     MUXF6:I0->O           1   0.291   0.000  Mmux__COND_1_6_f6 (Mmux__COND_1_6_f6)
     MUXF7:I0->O           1   0.291   0.000  Mmux__COND_1_4_f7 (Mmux__COND_1_4_f7)
     MUXF8:I0->O           1   0.291   0.000  Mmux__COND_1_2_f8 (_COND_1<0>)
     FDE:D                     0.252          memReadData_0
    ----------------------------------------
    Total                      3.135ns (2.635ns logic, 0.500ns route)
                                       (84.1% logic, 15.9% route)

=========================================================================
Timing constraint: Default OFFSET IN BEFORE for Clock 'clk'
  Total number of paths / destination ports: 3840 / 528
-------------------------------------------------------------------------
Offset:              6.902ns (Levels of Logic = 4)
  Source:            memAddress<3> (PAD)
  Destination:       memory_0_0 (FF)
  Destination Clock: clk rising

  Data Path: memAddress<3> to memory_0_0
                                Gate     Net
    Cell:in->out      fanout   Delay   Delay  Logical Name (Net Name)
    ----------------------------------------  ------------
     IBUF:I->O            20   0.849   1.245  memAddress_3_IBUF (memAddress_3_IBUF)
     LUT2:I0->O            8   0.648   0.900  memory_24_cmp_eq000011 (N16)
     LUT4:I0->O            9   0.648   0.900  memory_31_cmp_eq00001 (memory_31_cmp_eq0000)
     LUT3:I1->O            8   0.643   0.757  memory_31_not00011 (memory_31_not0001)
     FDE:CE                    0.312          memory_31_0
    ----------------------------------------
    Total                      6.902ns (3.100ns logic, 3.802ns route)
                                       (44.9% logic, 55.1% route)

=========================================================================
Timing constraint: Default OFFSET OUT AFTER for Clock 'clk'
  Total number of paths / destination ports: 8 / 8
-------------------------------------------------------------------------
Offset:              5.531ns (Levels of Logic = 1)
  Source:            memReadData_7 (FF)
  Destination:       memReadData<7> (PAD)
  Source Clock:      clk rising

  Data Path: memReadData_7 to memReadData<7>
                                Gate     Net
    Cell:in->out      fanout   Delay   Delay  Logical Name (Net Name)
    ----------------------------------------  ------------
     FDE:C->Q              1   0.591   0.420  memReadData_7 (memReadData_7)
     OBUF:I->O                 4.520          memReadData_7_OBUF (memReadData<7>)
    ----------------------------------------
    Total                      5.531ns (5.111ns logic, 0.420ns route)
                                       (92.4% logic, 7.6% route)

=========================================================================


Total REAL time to Xst completion: 7.00 secs
Total CPU time to Xst completion: 7.24 secs
 
--> 

Total memory usage is 4513364 kilobytes

Number of errors   :    0 (   0 filtered)
Number of warnings :    1 (   0 filtered)
Number of infos    :    1 (   0 filtered)

