Release 14.7 - xst P.20131013 (nt64)
Copyright (c) 1995-2013 Xilinx, Inc.  All rights reserved.
--> Parameter TMPDIR set to xst/projnav.tmp


Total REAL time to Xst completion: 0.00 secs
Total CPU time to Xst completion: 0.15 secs
 
--> Parameter xsthdpdir set to xst


Total REAL time to Xst completion: 0.00 secs
Total CPU time to Xst completion: 0.15 secs
 
--> Reading design: FFinal.prj

TABLE OF CONTENTS
  1) Synthesis Options Summary
  2) HDL Compilation
  3) Design Hierarchy Analysis
  4) HDL Analysis
  5) HDL Synthesis
     5.1) HDL Synthesis Report
  6) Advanced HDL Synthesis
     6.1) Advanced HDL Synthesis Report
  7) Low Level Synthesis
  8) Partition Report
  9) Final Report
	9.1) Device utilization summary
	9.2) Partition Resource Summary
	9.3) TIMING REPORT


=========================================================================
*                      Synthesis Options Summary                        *
=========================================================================
---- Source Parameters
Input File Name                    : "FFinal.prj"
Input Format                       : mixed
Ignore Synthesis Constraint File   : NO

---- Target Parameters
Output File Name                   : "FFinal"
Output Format                      : NGC
Target Device                      : xc3s50an-4-tqg144

---- Source Options
Top Module Name                    : FFinal
Automatic FSM Extraction           : YES
FSM Encoding Algorithm             : Auto
Safe Implementation                : No
FSM Style                          : LUT
RAM Extraction                     : Yes
RAM Style                          : Auto
ROM Extraction                     : Yes
Mux Style                          : Auto
Decoder Extraction                 : YES
Priority Encoder Extraction        : Yes
Shift Register Extraction          : YES
Logical Shifter Extraction         : YES
XOR Collapsing                     : YES
ROM Style                          : Auto
Mux Extraction                     : Yes
Resource Sharing                   : YES
Asynchronous To Synchronous        : NO
Multiplier Style                   : Auto
Automatic Register Balancing       : No

---- Target Options
Add IO Buffers                     : YES
Global Maximum Fanout              : 500
Add Generic Clock Buffer(BUFG)     : 24
Register Duplication               : YES
Slice Packing                      : YES
Optimize Instantiated Primitives   : NO
Use Clock Enable                   : Yes
Use Synchronous Set                : Yes
Use Synchronous Reset              : Yes
Pack IO Registers into IOBs        : Auto
Equivalent register Removal        : YES

---- General Options
Optimization Goal                  : Speed
Optimization Effort                : 1
Keep Hierarchy                     : No
Netlist Hierarchy                  : As_Optimized
RTL Output                         : Yes
Global Optimization                : AllClockNets
Read Cores                         : YES
Write Timing Constraints           : NO
Cross Clock Analysis               : NO
Hierarchy Separator                : /
Bus Delimiter                      : <>
Case Specifier                     : Maintain
Slice Utilization Ratio            : 100
BRAM Utilization Ratio             : 100
Verilog 2001                       : YES
Auto BRAM Packing                  : NO
Slice Utilization Ratio Delta      : 5

=========================================================================


=========================================================================
*                          HDL Compilation                              *
=========================================================================
Compiling verilog file "Sign_Extend.v" in library work
Compiling verilog file "Register.v" in library work
Module <Sign_Extend> compiled
Compiling verilog file "PC.v" in library work
Module <Register> compiled
Compiling verilog file "Mux_RegDst.v" in library work
Module <PC> compiled
Compiling verilog file "Mux_MemtoReg.v" in library work
Module <Mux_RegDst> compiled
Compiling verilog file "Mux_branch.v" in library work
Module <Mux_MemtoReg> compiled
Compiling verilog file "Mux_ALUSrc.v" in library work
Module <Mux_branch> compiled
Compiling verilog file "hex7Segment.v" in library work
Module <Mux_ALUSrc> compiled
Compiling verilog file "DataMemory.v" in library work
Module <hex7Segment> compiled
Compiling verilog file "Control_Unit.v" in library work
Module <DataMemory> compiled
Compiling verilog file "ALU.v" in library work
Module <Control_Unit> compiled
Compiling verilog file "microprocessor.v" in library work
Module <ALU> compiled
Compiling verilog file "IMEM.v" in library work
Module <microprocessor> compiled
Compiling verilog file "final.v" in library work
Module <IMEM> compiled
Module <FFinal> compiled
No errors in compilation
Analysis of file <"FFinal.prj"> succeeded.
 

=========================================================================
*                     Design Hierarchy Analysis                         *
=========================================================================
Analyzing hierarchy for module <FFinal> in library <work>.

Analyzing hierarchy for module <microprocessor> in library <work>.

Analyzing hierarchy for module <IMEM> in library <work>.

Analyzing hierarchy for module <Sign_Extend> in library <work>.

Analyzing hierarchy for module <Control_Unit> in library <work>.

Analyzing hierarchy for module <Mux_RegDst> in library <work>.

Analyzing hierarchy for module <Mux_ALUSrc> in library <work>.

Analyzing hierarchy for module <ALU> in library <work>.

Analyzing hierarchy for module <DataMemory> in library <work>.

Analyzing hierarchy for module <Mux_MemtoReg> in library <work>.

Analyzing hierarchy for module <Register> in library <work>.

Analyzing hierarchy for module <Mux_branch> in library <work>.

Analyzing hierarchy for module <PC> in library <work>.

Analyzing hierarchy for module <hex7Segment> in library <work>.


=========================================================================
*                            HDL Analysis                               *
=========================================================================
Analyzing top module <FFinal>.
Module <FFinal> is correct for synthesis.
 
Analyzing module <microprocessor> in library <work>.
Module <microprocessor> is correct for synthesis.
 
Analyzing module <Sign_Extend> in library <work>.
Module <Sign_Extend> is correct for synthesis.
 
Analyzing module <Control_Unit> in library <work>.
Module <Control_Unit> is correct for synthesis.
 
Analyzing module <Mux_RegDst> in library <work>.
Module <Mux_RegDst> is correct for synthesis.
 
Analyzing module <Mux_ALUSrc> in library <work>.
Module <Mux_ALUSrc> is correct for synthesis.
 
Analyzing module <ALU> in library <work>.
Module <ALU> is correct for synthesis.
 
Analyzing module <DataMemory> in library <work>.
Module <DataMemory> is correct for synthesis.
 
Analyzing module <Mux_MemtoReg> in library <work>.
Module <Mux_MemtoReg> is correct for synthesis.
 
Analyzing module <Register> in library <work>.
Module <Register> is correct for synthesis.
 
Analyzing module <Mux_branch> in library <work>.
Module <Mux_branch> is correct for synthesis.
 
Analyzing module <PC> in library <work>.
Module <PC> is correct for synthesis.
 
Analyzing module <hex7Segment> in library <work>.
Module <hex7Segment> is correct for synthesis.
 
Analyzing module <IMEM> in library <work>.
INFO:Xst:1433 - Contents of array <MemByte> may be accessed with an index that exceeds the array size. This could cause simulation mismatch.
Module <IMEM> is correct for synthesis.
 

=========================================================================
*                           HDL Synthesis                               *
=========================================================================

Performing bidirectional port resolution...

Synthesizing Unit <IMEM>.
    Related source file is "IMEM.v".
WARNING:Xst:647 - Input <Read_Address<7:5>> is never used. This port will be preserved and left unconnected if it belongs to a top-level block or it belongs to a sub-block and the hierarchy of this sub-block is preserved.
WARNING:Xst:653 - Signal <MemByte<31:5>> is used but never assigned. This sourceless signal will be automatically connected to value 00000000.
    Found 32x8-bit ROM for signal <instruction>.
    Summary:
	inferred   1 ROM(s).
Unit <IMEM> synthesized.


Synthesizing Unit <Sign_Extend>.
    Related source file is "Sign_Extend.v".
Unit <Sign_Extend> synthesized.


Synthesizing Unit <Control_Unit>.
    Related source file is "Control_Unit.v".
    Found 4x8-bit ROM for signal <out>.
    Summary:
	inferred   1 ROM(s).
Unit <Control_Unit> synthesized.


Synthesizing Unit <Mux_RegDst>.
    Related source file is "Mux_RegDst.v".
Unit <Mux_RegDst> synthesized.


Synthesizing Unit <Mux_ALUSrc>.
    Related source file is "Mux_ALUSrc.v".
Unit <Mux_ALUSrc> synthesized.


Synthesizing Unit <ALU>.
    Related source file is "ALU.v".
WARNING:Xst:647 - Input <ALUOp> is never used. This port will be preserved and left unconnected if it belongs to a top-level block or it belongs to a sub-block and the hierarchy of this sub-block is preserved.
WARNING:Xst:646 - Signal <out<8>> is assigned but never used. This unconnected signal will be trimmed during the optimization process.
    Found 8-bit adder carry out for signal <out$addsub0000>.
    Summary:
	inferred   1 Adder/Subtractor(s).
Unit <ALU> synthesized.


Synthesizing Unit <DataMemory>.
    Related source file is "DataMemory.v".
WARNING:Xst:647 - Input <memAddress<7:5>> is never used. This port will be preserved and left unconnected if it belongs to a top-level block or it belongs to a sub-block and the hierarchy of this sub-block is preserved.
    Found 8-bit register for signal <memReadData>.
    Found 256-bit register for signal <memory>.
INFO:Xst:738 - HDL ADVISOR - 256 flip-flops were inferred for signal <memory>. You may be trying to describe a RAM in a way that is incompatible with block and distributed RAM resources available on Xilinx devices, or with a specific template that is not supported. Please review the Xilinx resources documentation and the XST user manual for coding guidelines. Taking advantage of RAM resources will lead to improved device usage and reduced synthesis time.
    Summary:
	inferred  32 D-type flip-flop(s).
	inferred   8 Multiplexer(s).
Unit <DataMemory> synthesized.


Synthesizing Unit <Mux_MemtoReg>.
    Related source file is "Mux_MemtoReg.v".
Unit <Mux_MemtoReg> synthesized.


Synthesizing Unit <Register>.
    Related source file is "Register.v".
    Found 8-bit register for signal <out>.
    Found 8-bit register for signal <read1>.
    Found 8-bit 4-to-1 multiplexer for signal <read1$mux0000> created at line 59.
    Found 8-bit register for signal <read2>.
    Found 8-bit 4-to-1 multiplexer for signal <read2$mux0000> created at line 65.
    Found 8-bit register for signal <reg1>.
    Found 8-bit register for signal <reg2>.
    Found 8-bit register for signal <reg3>.
    Found 8-bit register for signal <reg4>.
    Summary:
	inferred  56 D-type flip-flop(s).
	inferred  16 Multiplexer(s).
Unit <Register> synthesized.


Synthesizing Unit <Mux_branch>.
    Related source file is "Mux_branch.v".
Unit <Mux_branch> synthesized.


Synthesizing Unit <PC>.
    Related source file is "PC.v".
    Found 8-bit register for signal <out>.
    Summary:
	inferred   8 D-type flip-flop(s).
Unit <PC> synthesized.


Synthesizing Unit <hex7Segment>.
    Related source file is "hex7Segment.v".
    Found 16x7-bit ROM for signal <out2>.
    Found 16x7-bit ROM for signal <out1>.
    Summary:
	inferred   2 ROM(s).
Unit <hex7Segment> synthesized.


Synthesizing Unit <microprocessor>.
    Related source file is "microprocessor.v".
    Found 8-bit adder for signal <branchedCount>.
    Found 8-bit adder for signal <normalCount>.
    Summary:
	inferred   2 Adder/Subtractor(s).
Unit <microprocessor> synthesized.


Synthesizing Unit <FFinal>.
    Related source file is "final.v".
Unit <FFinal> synthesized.


=========================================================================
HDL Synthesis Report

Macro Statistics
# ROMs                                                 : 4
 16x7-bit ROM                                          : 2
 32x8-bit ROM                                          : 1
 4x8-bit ROM                                           : 1
# Adders/Subtractors                                   : 3
 8-bit adder                                           : 2
 8-bit adder carry out                                 : 1
# Registers                                            : 41
 8-bit register                                        : 41
# Multiplexers                                         : 3
 8-bit 32-to-1 multiplexer                             : 1
 8-bit 4-to-1 multiplexer                              : 2

=========================================================================

=========================================================================
*                       Advanced HDL Synthesis                          *
=========================================================================


=========================================================================
Advanced HDL Synthesis Report

Macro Statistics
# ROMs                                                 : 4
 16x7-bit ROM                                          : 2
 32x8-bit ROM                                          : 1
 4x8-bit ROM                                           : 1
# Adders/Subtractors                                   : 3
 8-bit adder                                           : 2
 8-bit adder carry out                                 : 1
# Registers                                            : 328
 Flip-Flops                                            : 328
# Multiplexers                                         : 17
 1-bit 4-to-1 multiplexer                              : 16
 8-bit 32-to-1 multiplexer                             : 1

=========================================================================

=========================================================================
*                         Low Level Synthesis                           *
=========================================================================

Optimizing unit <FFinal> ...

Optimizing unit <Register> ...

Optimizing unit <PC> ...

Optimizing unit <DataMemory> ...

Optimizing unit <microprocessor> ...
WARNING:Xst:2677 - Node <T1/T8/out_5> of sequential type is unconnected in block <FFinal>.
WARNING:Xst:2677 - Node <T1/T8/out_6> of sequential type is unconnected in block <FFinal>.
WARNING:Xst:2677 - Node <T1/T8/out_7> of sequential type is unconnected in block <FFinal>.

Mapping all equations...
Building and optimizing final netlist ...
Found area constraint ratio of 100 (+ 5) on block FFinal, actual ratio is 41.
FlipFlop T1/T8/out_1 has been replicated 1 time(s)
FlipFlop T1/T8/out_2 has been replicated 1 time(s)

Final Macro Processing ...

=========================================================================
Final Register Report

Macro Statistics
# Registers                                            : 327
 Flip-Flops                                            : 327

=========================================================================

=========================================================================
*                           Partition Report                            *
=========================================================================

Partition Implementation Status
-------------------------------

  No Partitions were found in this design.

-------------------------------

=========================================================================
*                            Final Report                               *
=========================================================================
Final Results
RTL Top Level Output File Name     : FFinal.ngr
Top Level Output File Name         : FFinal
Output Format                      : NGC
Optimization Goal                  : Speed
Keep Hierarchy                     : No

Design Statistics
# IOs                              : 16

Cell Usage :
# BELS                             : 424
#      GND                         : 1
#      LUT2                        : 4
#      LUT2_D                      : 1
#      LUT2_L                      : 1
#      LUT3                        : 159
#      LUT3_D                      : 6
#      LUT3_L                      : 1
#      LUT4                        : 87
#      LUT4_D                      : 3
#      LUT4_L                      : 1
#      MUXCY                       : 11
#      MUXF5                       : 80
#      MUXF6                       : 32
#      MUXF7                       : 16
#      MUXF8                       : 8
#      XORCY                       : 13
# FlipFlops/Latches                : 327
#      FDC                         : 15
#      FDCE                        : 180
#      FDE                         : 8
#      FDPE                        : 124
# Clock Buffers                    : 1
#      BUFGP                       : 1
# IO Buffers                       : 15
#      IBUF                        : 1
#      OBUF                        : 14
=========================================================================

Device utilization summary:
---------------------------

Selected Device : 3s50antqg144-4 

 Number of Slices:                      287  out of    704    40%  
 Number of Slice Flip Flops:            327  out of   1408    23%  
 Number of 4 input LUTs:                263  out of   1408    18%  
 Number of IOs:                          16
 Number of bonded IOBs:                  16  out of    108    14%  
 Number of GCLKs:                         1  out of     24     4%  

---------------------------
Partition Resource Summary:
---------------------------

  No Partitions were found in this design.

---------------------------


=========================================================================
TIMING REPORT

NOTE: THESE TIMING NUMBERS ARE ONLY A SYNTHESIS ESTIMATE.
      FOR ACCURATE TIMING INFORMATION PLEASE REFER TO THE TRACE REPORT
      GENERATED AFTER PLACE-and-ROUTE.

Clock Information:
------------------
-----------------------------------+------------------------+-------+
Clock Signal                       | Clock buffer(FF name)  | Load  |
-----------------------------------+------------------------+-------+
clk                                | BUFGP                  | 327   |
-----------------------------------+------------------------+-------+

Asynchronous Control Signals Information:
----------------------------------------
-----------------------------------+------------------------+-------+
Control Signal                     | Buffer(FF name)        | Load  |
-----------------------------------+------------------------+-------+
rst                                | IBUF                   | 319   |
-----------------------------------+------------------------+-------+

Timing Summary:
---------------
Speed Grade: -4

   Minimum period: 10.058ns (Maximum Frequency: 99.421MHz)
   Minimum input arrival time before clock: 3.994ns
   Maximum output required time after clock: 7.030ns
   Maximum combinational path delay: No path found

Timing Detail:
--------------
All values displayed in nanoseconds (ns)

=========================================================================
Timing constraint: Default period analysis for Clock 'clk'
  Clock period: 10.058ns (frequency: 99.421MHz)
  Total number of paths / destination ports: 58331 / 639
-------------------------------------------------------------------------
Delay:               10.058ns (Levels of Logic = 7)
  Source:            T1/T8/out_0 (FF)
  Destination:       T1/T4/memory_17_0 (FF)
  Source Clock:      clk rising
  Destination Clock: clk rising

  Data Path: T1/T8/out_0 to T1/T4/memory_17_0
                                Gate     Net
    Cell:in->out      fanout   Delay   Delay  Logical Name (Net Name)
    ----------------------------------------  ------------
     FDC:C->Q             17   0.591   1.083  T1/T8/out_0 (T1/T8/out_0)
     LUT3_D:I2->LO         1   0.648   0.132  T2/Mrom_instruction11_SW0 (N103)
     LUT3:I2->O            2   0.648   0.450  T2/Mrom_instruction11 (T2/Mrom_instruction)
     LUT4:I3->O            1   0.648   0.000  T1/T6/Madd_out_addsub0000_lut<0> (T1/T6/Madd_out_addsub0000_lut<0>)
     MUXCY:S->O            1   0.632   0.000  T1/T6/Madd_out_addsub0000_cy<0> (T1/T6/Madd_out_addsub0000_cy<0>)
     XORCY:CI->O          70   0.844   1.306  T1/T6/Madd_out_addsub0000_xor<1> (T1/memAddress<1>)
     LUT3_D:I2->O          7   0.648   0.711  T1/T4/memory_10_not000131_SW0 (N18)
     LUT4:I3->O            8   0.648   0.757  T1/T4/memory_2_not00011 (T1/T4/memory_2_not0001)
     FDCE:CE                   0.312          T1/T4/memory_2_0
    ----------------------------------------
    Total                     10.058ns (5.619ns logic, 4.439ns route)
                                       (55.9% logic, 44.1% route)

=========================================================================
Timing constraint: Default OFFSET IN BEFORE for Clock 'clk'
  Total number of paths / destination ports: 8 / 8
-------------------------------------------------------------------------
Offset:              3.994ns (Levels of Logic = 2)
  Source:            rst (PAD)
  Destination:       T1/T4/memReadData_0 (FF)
  Destination Clock: clk rising

  Data Path: rst to T1/T4/memReadData_0
                                Gate     Net
    Cell:in->out      fanout   Delay   Delay  Logical Name (Net Name)
    ----------------------------------------  ------------
     IBUF:I->O           320   0.849   1.433  rst_IBUF (rst_IBUF)
     LUT3:I1->O            8   0.643   0.757  T1/T4/memReadData_and00001 (T1/T4/memReadData_and0000)
     FDE:CE                    0.312          T1/T4/memReadData_0
    ----------------------------------------
    Total                      3.994ns (1.804ns logic, 2.190ns route)
                                       (45.2% logic, 54.8% route)

=========================================================================
Timing constraint: Default OFFSET OUT AFTER for Clock 'clk'
  Total number of paths / destination ports: 56 / 14
-------------------------------------------------------------------------
Offset:              7.030ns (Levels of Logic = 2)
  Source:            T1/T9/out_7 (FF)
  Destination:       s<13> (PAD)
  Source Clock:      clk rising

  Data Path: T1/T9/out_7 to s<13>
                                Gate     Net
    Cell:in->out      fanout   Delay   Delay  Logical Name (Net Name)
    ----------------------------------------  ------------
     FDC:C->Q              7   0.591   0.851  T1/T9/out_7 (T1/T9/out_7)
     LUT4:I0->O            1   0.648   0.420  T1/T10/Mrom_out241 (s_11_OBUF)
     OBUF:I->O                 4.520          s_11_OBUF (s<11>)
    ----------------------------------------
    Total                      7.030ns (5.759ns logic, 1.271ns route)
                                       (81.9% logic, 18.1% route)

=========================================================================


Total REAL time to Xst completion: 6.00 secs
Total CPU time to Xst completion: 5.43 secs
 
--> 

Total memory usage is 4513740 kilobytes

Number of errors   :    0 (   0 filtered)
Number of warnings :    8 (   0 filtered)
Number of infos    :    2 (   0 filtered)

